{"total": {"lines":{"total":674,"covered":625,"skipped":0,"pct":92.72},"statements":{"total":674,"covered":625,"skipped":0,"pct":92.72},"functions":{"total":61,"covered":59,"skipped":0,"pct":96.72},"branches":{"total":183,"covered":167,"skipped":0,"pct":91.25},"branchesTrue":{"total":0,"covered":0,"skipped":0,"pct":100}}
,"D:\\cpt304\\seat-booking-app-main\\src\\privacy.js": {"lines":{"total":37,"covered":0,"skipped":0,"pct":0},"functions":{"total":1,"covered":0,"skipped":0,"pct":0},"statements":{"total":37,"covered":0,"skipped":0,"pct":0},"branches":{"total":1,"covered":0,"skipped":0,"pct":0}}
,"D:\\cpt304\\seat-booking-app-main\\src\\core\\SeatBookingApp.js": {"lines":{"total":108,"covered":108,"skipped":0,"pct":100},"functions":{"total":15,"covered":15,"skipped":0,"pct":100},"statements":{"total":108,"covered":108,"skipped":0,"pct":100},"branches":{"total":32,"covered":32,"skipped":0,"pct":100}}
,"D:\\cpt304\\seat-booking-app-main\\src\\core\\Sector.js": {"lines":{"total":63,"covered":63,"skipped":0,"pct":100},"functions":{"total":9,"covered":9,"skipped":0,"pct":100},"statements":{"total":63,"covered":63,"skipped":0,"pct":100},"branches":{"total":13,"covered":12,"skipped":0,"pct":92.3}}
,"D:\\cpt304\\seat-booking-app-main\\src\\core\\Service.js": {"lines":{"total":127,"covered":127,"skipped":0,"pct":100},"functions":{"total":16,"covered":15,"skipped":0,"pct":93.75},"statements":{"total":127,"covered":127,"skipped":0,"pct":100},"branches":{"total":31,"covered":30,"skipped":0,"pct":96.77}}
,"D:\\cpt304\\seat-booking-app-main\\src\\i18n\\i18n.js": {"lines":{"total":137,"covered":131,"skipped":0,"pct":95.62},"functions":{"total":8,"covered":8,"skipped":0,"pct":100},"statements":{"total":137,"covered":131,"skipped":0,"pct":95.62},"branches":{"total":44,"covered":35,"skipped":0,"pct":79.54}}
,"D:\\cpt304\\seat-booking-app-main\\src\\storage\\LocalStorageAdapter.js": {"lines":{"total":110,"covered":104,"skipped":0,"pct":94.54},"functions":{"total":8,"covered":8,"skipped":0,"pct":100},"statements":{"total":110,"covered":104,"skipped":0,"pct":94.54},"branches":{"total":39,"covered":35,"skipped":0,"pct":89.74}}
,"D:\\cpt304\\seat-booking-app-main\\src\\validation\\validators.js": {"lines":{"total":92,"covered":92,"skipped":0,"pct":100},"functions":{"total":4,"covered":4,"skipped":0,"pct":100},"statements":{"total":92,"covered":92,"skipped":0,"pct":100},"branches":{"total":23,"covered":23,"skipped":0,"pct":100}}
}
