TN:
SF:src\privacy.js
FN:1,(empty-report)
FNF:1
FNH:0
FNDA:0,(empty-report)
DA:1,0
DA:2,0
DA:3,0
DA:4,0
DA:5,0
DA:6,0
DA:7,0
DA:8,0
DA:9,0
DA:10,0
DA:11,0
DA:12,0
DA:13,0
DA:14,0
DA:15,0
DA:16,0
DA:17,0
DA:18,0
DA:19,0
DA:20,0
DA:21,0
DA:22,0
DA:23,0
DA:24,0
DA:25,0
DA:26,0
DA:27,0
DA:28,0
DA:29,0
DA:30,0
DA:31,0
DA:32,0
DA:33,0
DA:34,0
DA:35,0
DA:36,0
DA:37,0
LF:37
LH:0
BRDA:1,0,0,0
BRF:1
BRH:0
end_of_record
TN:
SF:src\core\SeatBookingApp.js
FN:9,SeatBookingApp
FN:17,getName
FN:22,addSector
FN:26,getSectorsArray
FN:30,setPriceMultipliersArray
FN:37,getPriceMultipliersArray
FN:46,getPriceMultiplierFor
FN:52,addService
FN:56,getServicesArray
FN:60,removeServiceById
FN:72,setCurrentServiceId
FN:76,getCurrentServiceId
FN:80,getCurrentService
FN:88,loadServicesFromData
FN:102,toJSON
FNF:15
FNH:15
FNDA:14,SeatBookingApp
FNDA:1,getName
FNDA:5,addSector
FNDA:4,getSectorsArray
FNDA:2,setPriceMultipliersArray
FNDA:1,getPriceMultipliersArray
FNDA:2,getPriceMultiplierFor
FNDA:6,addService
FNDA:4,getServicesArray
FNDA:3,removeServiceById
FNDA:5,setCurrentServiceId
FNDA:5,getCurrentServiceId
FNDA:2,getCurrentService
FNDA:2,loadServicesFromData
FNDA:1,toJSON
DA:1,1
DA:2,1
DA:3,1
DA:4,1
DA:5,1
DA:6,1
DA:7,1
DA:8,1
DA:9,1
DA:10,14
DA:11,14
DA:12,14
DA:13,14
DA:14,14
DA:15,14
DA:16,1
DA:17,1
DA:18,1
DA:19,1
DA:20,1
DA:21,1
DA:22,1
DA:23,5
DA:24,5
DA:25,1
DA:26,1
DA:27,4
DA:28,4
DA:29,1
DA:30,1
DA:31,2
DA:32,3
DA:33,3
DA:34,2
DA:35,2
DA:36,1
DA:37,1
DA:38,1
DA:39,1
DA:40,1
DA:41,1
DA:42,1
DA:43,1
DA:44,1
DA:45,1
DA:46,1
DA:47,2
DA:48,2
DA:49,2
DA:50,1
DA:51,1
DA:52,1
DA:53,6
DA:54,6
DA:55,1
DA:56,1
DA:57,4
DA:58,4
DA:59,1
DA:60,1
DA:61,3
DA:62,3
DA:63,2
DA:64,2
DA:65,2
DA:66,2
DA:67,2
DA:68,2
DA:69,2
DA:70,3
DA:71,1
DA:72,1
DA:73,5
DA:74,5
DA:75,1
DA:76,1
DA:77,5
DA:78,5
DA:79,1
DA:80,1
DA:81,2
DA:82,2
DA:83,1
DA:84,1
DA:85,1
DA:86,1
DA:87,1
DA:88,1
DA:89,2
DA:90,2
DA:91,4
DA:92,4
DA:93,4
DA:94,2
DA:95,2
DA:96,4
DA:97,2
DA:98,1
DA:99,1
DA:100,1
DA:101,1
DA:102,1
DA:103,1
DA:104,1
DA:105,1
DA:106,1
DA:107,1
DA:108,1
LF:108
LH:108
BRDA:9,0,0,14
BRDA:17,1,0,1
BRDA:22,2,0,5
BRDA:26,3,0,4
BRDA:30,4,0,2
BRDA:31,5,0,3
BRDA:37,6,0,1
BRDA:38,7,0,2
BRDA:46,8,0,2
BRDA:48,9,0,1
BRDA:48,10,0,1
BRDA:47,11,0,1
BRDA:52,12,0,6
BRDA:56,13,0,4
BRDA:60,14,0,3
BRDA:62,15,0,1
BRDA:63,16,0,2
BRDA:66,17,0,1
BRDA:67,18,0,1
BRDA:61,19,0,2
BRDA:72,20,0,5
BRDA:73,21,0,2
BRDA:76,22,0,5
BRDA:80,23,0,2
BRDA:81,24,0,2
BRDA:88,25,0,2
BRDA:89,26,0,1
BRDA:90,27,0,4
BRDA:93,28,0,2
BRDA:97,29,0,1
BRDA:102,30,0,1
BRDA:105,31,0,1
BRF:32
BRH:32
end_of_record
TN:
SF:src\core\Sector.js
FN:11,Sector
FN:18,_buildSeats
FN:33,getId
FN:37,getPriceMultiplier
FN:41,setPriceMultiplier
FN:45,getRowCount
FN:49,getRowCounts
FN:53,getSeats
FN:60,getName
FNF:9
FNH:9
FNDA:13,Sector
FNDA:13,_buildSeats
FNDA:4,getId
FNDA:5,getPriceMultiplier
FNDA:1,setPriceMultiplier
FNDA:1,getRowCount
FNDA:3,getRowCounts
FNDA:5,getSeats
FNDA:1,getName
DA:1,1
DA:2,1
DA:3,1
DA:4,1
DA:5,1
DA:6,1
DA:7,1
DA:8,1
DA:9,1
DA:10,1
DA:11,1
DA:12,13
DA:13,13
DA:14,13
DA:15,13
DA:16,13
DA:17,1
DA:18,1
DA:19,13
DA:20,13
DA:21,18
DA:22,18
DA:23,46
DA:24,46
DA:25,46
DA:26,46
DA:27,46
DA:28,46
DA:29,18
DA:30,13
DA:31,13
DA:32,1
DA:33,1
DA:34,4
DA:35,4
DA:36,1
DA:37,1
DA:38,5
DA:39,5
DA:40,1
DA:41,1
DA:42,1
DA:43,1
DA:44,1
DA:45,1
DA:46,1
DA:47,1
DA:48,1
DA:49,1
DA:50,3
DA:51,3
DA:52,1
DA:53,1
DA:54,5
DA:55,5
DA:56,1
DA:57,1
DA:58,1
DA:59,1
DA:60,1
DA:61,1
DA:62,1
DA:63,1
LF:63
LH:63
BRDA:11,0,0,13
BRDA:18,1,0,13
BRDA:20,2,0,18
BRDA:22,3,0,46
BRDA:33,4,0,4
BRDA:37,5,0,5
BRDA:41,6,0,1
BRDA:45,7,0,1
BRDA:49,8,0,3
BRDA:53,9,0,5
BRDA:54,10,0,16
BRDA:60,11,0,1
BRDA:61,12,0,0
BRF:13
BRH:12
end_of_record
TN:
SF:src\core\Service.js
FN:15,Service
FN:20,Service.generateId
FN:28,getId
FN:32,getName
FN:36,getPrice
FN:40,setName
FN:44,setPrice
FN:48,getReservedSeats
FN:52,getBookedSeats
FN:60,addReservedSeat
FN:75,removeReservedSeat
FN:83,clearReservedSeats
FN:91,bookSeats
FN:100,setBookedSeatsArray
FN:107,toJSON
FN:119,fromJSON
FNF:16
FNH:15
FNDA:25,Service
FNDA:0,Service.generateId
FNDA:10,getId
FNDA:5,getName
FNDA:5,getPrice
FNDA:1,setName
FNDA:1,setPrice
FNDA:9,getReservedSeats
FNDA:7,getBookedSeats
FNDA:16,addReservedSeat
FNDA:2,removeReservedSeat
FNDA:5,clearReservedSeats
FNDA:4,bookSeats
FNDA:6,setBookedSeatsArray
FNDA:2,toJSON
FNDA:8,fromJSON
DA:1,1
DA:2,1
DA:3,1
DA:4,1
DA:5,1
DA:6,1
DA:7,1
DA:8,1
DA:9,1
DA:10,1
DA:11,1
DA:12,1
DA:13,1
DA:14,1
DA:15,1
DA:16,25
DA:17,25
DA:18,24
DA:19,24
DA:20,25
DA:21,25
DA:22,25
DA:23,25
DA:24,25
DA:25,25
DA:26,25
DA:27,1
DA:28,1
DA:29,10
DA:30,10
DA:31,1
DA:32,1
DA:33,5
DA:34,5
DA:35,1
DA:36,1
DA:37,5
DA:38,5
DA:39,1
DA:40,1
DA:41,1
DA:42,1
DA:43,1
DA:44,1
DA:45,1
DA:46,1
DA:47,1
DA:48,1
DA:49,9
DA:50,9
DA:51,1
DA:52,1
DA:53,7
DA:54,7
DA:55,1
DA:56,1
DA:57,1
DA:58,1
DA:59,1
DA:60,1
DA:61,16
DA:62,16
DA:63,3
DA:64,3
DA:65,13
DA:66,13
DA:67,16
DA:68,1
DA:69,1
DA:70,1
DA:71,1
DA:72,1
DA:73,1
DA:74,1
DA:75,1
DA:76,2
DA:77,2
DA:78,2
DA:79,1
DA:80,1
DA:81,2
DA:82,1
DA:83,1
DA:84,5
DA:85,5
DA:86,1
DA:87,1
DA:88,1
DA:89,1
DA:90,1
DA:91,1
DA:92,4
DA:93,4
DA:94,5
DA:95,5
DA:96,4
DA:97,4
DA:98,4
DA:99,1
DA:100,1
DA:101,6
DA:102,6
DA:103,1
DA:104,1
DA:105,1
DA:106,1
DA:107,1
DA:108,2
DA:109,2
DA:110,2
DA:111,2
DA:112,2
DA:113,2
DA:114,2
DA:115,1
DA:116,1
DA:117,1
DA:118,1
DA:119,1
DA:120,8
DA:121,4
DA:122,4
DA:123,8
DA:124,8
DA:125,8
DA:126,8
DA:127,1
LF:127
LH:127
BRDA:15,0,0,25
BRDA:17,1,0,24
BRDA:20,2,0,0
BRDA:21,3,0,13
BRDA:19,4,0,12
BRDA:28,5,0,10
BRDA:32,6,0,5
BRDA:36,7,0,5
BRDA:40,8,0,1
BRDA:44,9,0,1
BRDA:48,10,0,9
BRDA:52,11,0,7
BRDA:60,12,0,16
BRDA:62,13,0,14
BRDA:62,14,0,3
BRDA:65,15,0,13
BRDA:75,16,0,2
BRDA:78,17,0,1
BRDA:83,18,0,5
BRDA:91,19,0,4
BRDA:93,20,0,5
BRDA:100,21,0,6
BRDA:101,22,0,5
BRDA:101,23,0,1
BRDA:107,24,0,2
BRDA:119,25,0,8
BRDA:120,26,0,6
BRDA:120,27,0,4
BRDA:123,28,0,1
BRDA:123,29,0,1
BRDA:124,30,0,1
BRF:31
BRH:30
end_of_record
TN:
SF:src\i18n\i18n.js
FN:31,init
FN:48,getLocale
FN:52,getAvailableLocales
FN:56,setLocale
FN:76,onChange
FN:87,t
FN:107,applyTranslations
FN:131,_resetForTests
FNF:8
FNH:8
FNDA:15,init
FNDA:4,getLocale
FNDA:1,getAvailableLocales
FNDA:5,setLocale
FNDA:3,onChange
FNDA:9,t
FNDA:2,applyTranslations
FNDA:15,_resetForTests
DA:1,1
DA:2,1
DA:3,1
DA:4,1
DA:5,1
DA:6,1
DA:7,1
DA:8,1
DA:9,1
DA:10,1
DA:11,1
DA:12,1
DA:13,1
DA:14,1
DA:15,1
DA:16,1
DA:17,1
DA:18,1
DA:19,1
DA:20,1
DA:21,1
DA:22,1
DA:23,1
DA:24,1
DA:25,1
DA:26,1
DA:27,1
DA:28,1
DA:29,1
DA:30,1
DA:31,1
DA:32,15
DA:33,15
DA:34,15
DA:35,15
DA:36,15
DA:37,15
DA:38,2
DA:39,2
DA:40,2
DA:41,2
DA:42,0
DA:43,0
DA:44,2
DA:45,15
DA:46,15
DA:47,1
DA:48,1
DA:49,4
DA:50,4
DA:51,1
DA:52,1
DA:53,1
DA:54,1
DA:55,1
DA:56,1
DA:57,5
DA:58,4
DA:59,5
DA:60,1
DA:61,1
DA:62,1
DA:63,0
DA:64,0
DA:65,1
DA:66,4
DA:67,2
DA:68,2
DA:69,2
DA:70,1
DA:71,1
DA:72,4
DA:73,4
DA:74,4
DA:75,1
DA:76,1
DA:77,3
DA:78,3
DA:79,3
DA:80,1
DA:81,1
DA:82,1
DA:83,1
DA:84,1
DA:85,1
DA:86,1
DA:87,1
DA:88,9
DA:89,9
DA:90,9
DA:91,9
DA:92,9
DA:93,9
DA:94,2
DA:95,2
DA:96,2
DA:97,2
DA:98,1
DA:99,1
DA:100,1
DA:101,1
DA:102,1
DA:103,1
DA:104,1
DA:105,1
DA:106,1
DA:107,1
DA:108,2
DA:109,2
DA:110,2
DA:111,2
DA:112,2
DA:113,2
DA:114,2
DA:115,2
DA:116,1
DA:117,1
DA:118,2
DA:119,2
DA:120,1
DA:121,2
DA:122,2
DA:123,2
DA:124,2
DA:125,2
DA:126,0
DA:127,0
DA:128,2
DA:129,1
DA:130,1
DA:131,1
DA:132,15
DA:133,15
DA:134,15
DA:135,15
DA:136,15
DA:137,15
LF:137
LH:131
BRDA:31,0,0,15
BRDA:32,1,0,0
BRDA:33,2,0,10
BRDA:34,3,0,13
BRDA:34,4,0,2
BRDA:36,5,0,1
BRDA:37,6,0,2
BRDA:40,7,0,1
BRDA:40,8,0,1
BRDA:41,9,0,0
BRDA:45,10,0,14
BRDA:45,11,0,1
BRDA:48,12,0,4
BRDA:52,13,0,1
BRDA:56,14,0,5
BRDA:57,15,0,1
BRDA:58,16,0,4
BRDA:59,17,0,1
BRDA:62,18,0,0
BRDA:66,19,0,4
BRDA:66,20,0,2
BRDA:69,21,0,1
BRDA:76,22,0,3
BRDA:78,23,0,1
BRDA:87,24,0,9
BRDA:88,25,0,0
BRDA:89,26,0,0
BRDA:91,27,0,2
BRDA:92,28,0,1
BRDA:93,29,0,7
BRDA:94,30,0,2
BRDA:94,31,0,2
BRDA:95,32,0,1
BRDA:95,33,0,1
BRDA:107,34,0,2
BRDA:108,35,0,0
BRDA:109,36,0,0
BRDA:125,37,0,0
BRDA:111,38,0,2
BRDA:115,39,0,1
BRDA:116,40,0,0
BRDA:117,41,0,2
BRDA:118,42,0,4
BRDA:131,43,0,15
BRF:44
BRH:35
end_of_record
TN:
SF:src\storage\LocalStorageAdapter.js
FN:17,LocalStorageAdapter
FN:25,_readConsent
FN:35,isEnabled
FN:40,enable
FN:51,disable
FN:68,_key
FN:76,saveServices
FN:94,loadServices
FNF:8
FNH:8
FNDA:17,LocalStorageAdapter
FNDA:17,_readConsent
FNDA:6,isEnabled
FNDA:5,enable
FNDA:2,disable
FNDA:7,_key
FNDA:6,saveServices
FNDA:5,loadServices
DA:1,1
DA:2,1
DA:3,1
DA:4,1
DA:5,1
DA:6,1
DA:7,1
DA:8,1
DA:9,1
DA:10,1
DA:11,1
DA:12,1
DA:13,1
DA:14,1
DA:15,1
DA:16,1
DA:17,1
DA:18,17
DA:19,17
DA:20,17
DA:21,17
DA:22,17
DA:23,17
DA:24,1
DA:25,1
DA:26,17
DA:27,16
DA:28,16
DA:29,17
DA:30,1
DA:31,1
DA:32,17
DA:33,1
DA:34,1
DA:35,1
DA:36,6
DA:37,6
DA:38,1
DA:39,1
DA:40,1
DA:41,5
DA:42,5
DA:43,4
DA:44,4
DA:45,5
DA:46,0
DA:47,0
DA:48,5
DA:49,1
DA:50,1
DA:51,1
DA:52,2
DA:53,2
DA:54,1
DA:55,1
DA:56,2
DA:57,3
DA:58,3
DA:59,2
DA:60,2
DA:61,3
DA:62,1
DA:63,2
DA:64,0
DA:65,0
DA:66,2
DA:67,1
DA:68,1
DA:69,7
DA:70,7
DA:71,1
DA:72,1
DA:73,1
DA:74,1
DA:75,1
DA:76,1
DA:77,6
DA:78,6
DA:79,3
DA:80,3
DA:81,3
DA:82,3
DA:83,6
DA:84,2
DA:85,2
DA:86,2
DA:87,2
DA:88,6
DA:89,1
DA:90,1
DA:91,1
DA:92,1
DA:93,1
DA:94,1
DA:95,5
DA:96,4
DA:97,4
DA:98,4
DA:99,5
DA:100,0
DA:101,0
DA:102,5
DA:103,3
DA:104,3
DA:105,5
DA:106,5
DA:107,1
DA:108,1
DA:109,5
DA:110,1
LF:110
LH:104
BRDA:17,0,0,17
BRDA:20,1,0,0
BRDA:21,2,0,2
BRDA:25,3,0,17
BRDA:26,4,0,1
BRDA:27,5,0,16
BRDA:29,6,0,1
BRDA:35,7,0,6
BRDA:40,8,0,5
BRDA:42,9,0,1
BRDA:43,10,0,4
BRDA:45,11,0,0
BRDA:51,12,0,2
BRDA:53,13,0,1
BRDA:56,14,0,3
BRDA:58,15,0,2
BRDA:58,16,0,2
BRDA:62,17,0,1
BRDA:63,18,0,0
BRDA:62,19,0,2
BRDA:68,20,0,7
BRDA:76,21,0,6
BRDA:77,22,0,2
BRDA:78,23,0,4
BRDA:78,24,0,1
BRDA:79,25,0,3
BRDA:83,26,0,2
BRDA:85,27,0,1
BRDA:85,28,0,1
BRDA:94,29,0,5
BRDA:95,30,0,1
BRDA:96,31,0,4
BRDA:99,32,0,0
BRDA:102,33,0,4
BRDA:102,34,0,1
BRDA:103,35,0,3
BRDA:105,36,0,1
BRDA:105,37,0,1
BRDA:106,38,0,1
BRF:39
BRH:35
end_of_record
TN:
SF:src\validation\validators.js
FN:18,validateName
FN:37,validatePrice
FN:59,validateService
FN:78,escapeHtml
FNF:4
FNH:4
FNDA:10,validateName
FNDA:13,validatePrice
FNDA:3,validateService
FNDA:2,escapeHtml
DA:1,1
DA:2,1
DA:3,1
DA:4,1
DA:5,1
DA:6,1
DA:7,1
DA:8,1
DA:9,1
DA:10,1
DA:11,1
DA:12,1
DA:13,1
DA:14,1
DA:15,1
DA:16,1
DA:17,1
DA:18,1
DA:19,10
DA:20,3
DA:21,3
DA:22,7
DA:23,10
DA:24,3
DA:25,3
DA:26,10
DA:27,2
DA:28,2
DA:29,2
DA:30,2
DA:31,1
DA:32,1
DA:33,1
DA:34,1
DA:35,1
DA:36,1
DA:37,1
DA:38,13
DA:39,4
DA:40,4
DA:41,9
DA:42,13
DA:43,2
DA:44,2
DA:45,13
DA:46,2
DA:47,2
DA:48,13
DA:49,2
DA:50,2
DA:51,3
DA:52,3
DA:53,1
DA:54,1
DA:55,1
DA:56,1
DA:57,1
DA:58,1
DA:59,1
DA:60,3
DA:61,3
DA:62,3
DA:63,3
DA:64,3
DA:65,3
DA:66,1
DA:67,1
DA:68,1
DA:69,1
DA:70,1
DA:71,1
DA:72,1
DA:73,1
DA:74,1
DA:75,1
DA:76,1
DA:77,1
DA:78,1
DA:79,2
DA:80,2
DA:81,2
DA:82,2
DA:83,2
DA:84,2
DA:85,2
DA:86,1
DA:87,1
DA:88,1
DA:89,1
DA:90,1
DA:91,1
DA:92,1
LF:92
LH:92
BRDA:18,0,0,10
BRDA:19,1,0,3
BRDA:22,2,0,7
BRDA:23,3,0,3
BRDA:26,4,0,4
BRDA:26,5,0,2
BRDA:37,6,0,13
BRDA:38,7,0,12
BRDA:38,8,0,11
BRDA:38,9,0,4
BRDA:41,10,0,9
BRDA:42,11,0,2
BRDA:45,12,0,7
BRDA:45,13,0,2
BRDA:48,14,0,5
BRDA:48,15,0,2
BRDA:51,16,0,3
BRDA:59,17,0,3
BRDA:63,18,0,2
BRDA:64,19,0,2
BRDA:65,20,0,2
BRDA:66,21,0,1
BRDA:78,22,0,2
BRF:23
BRH:23
end_of_record
